<?xml version="1.0" encoding="UTF-8"?>
<!-- Generated by org.testng.reporters.JUnitXMLReporter -->
<testsuite hostname="ASDA1708PO02529" name="Default test" tests="6" failures="0" timestamp="9 Jul 2018 08:41:04 GMT" time="4.678" errors="0">
  <testcase name="test001_basic_auth_test" time="0.004" classname="testLink.TestClass"/>
  <testcase name="test002_Check_for_Broken_Image" time="0.425" classname="testLink.TestClass"/>
  <testcase name="test003_Exit_Intent" time="0.315" classname="testLink.TestClass"/>
  <testcase name="test004_Sortable_Data_Tables" time="0.363" classname="testLink.TestClass"/>
  <testcase name="test005_authenticate" time="0.341" classname="testLink.TestClass"/>
  <testcase name="test006_authenticate_Invalid" time="0.578" classname="testLink.TestClass"/>
</testsuite> <!-- Default test -->
